
8.70
8.62
8.72
8.62
8.62
8.72
8.62
8.72
8.70
8.62
8.72
8.72
8.62
8.72
9.13
8.62
8.72
8.72
8.62
8.72
8.72
8.62
8.72
8.72
8.62
8.65
8.62
8.62
8.72
8.62
8.62
8.72
8.62
9.13
8.70
8.62
7.90
9.11
8.62
8.72
8.70
9.01
8.70
8.70
8.21
8.72
8.72
9.01
8.72
8.62
8.62
8.70
8.62
8.62
8.72
8.62
8.72
8.70
8.62
8.72
9.13
8.62
8.70
8.29
9.01
8.70
8.72
8.62
9.13
8.62
8.62
8.72
8.62
8.62
8.70
8.62
8.72
8.72
9.01
8.72
8.72
9.01
9.13
8.72
8.62
8.72
8.62
9.01
8.72
8.62
7.19
9.11
8.62
8.70
8.70
9.01
8.70
8.70
9.01
8.70
8.62
8.62
8.72
8.62
8.65
8.72
8.62
8.72
9.13
8.62
8.72
8.70
8.62
9.13
8.72
8.62
8.72
8.33
8.21
8.72
8.62
9.01
9.13
8.62
9.01
9.13
9.01
9.01
9.13
9.04
8.62
8.70
8.62
9.13
8.72
9.01
9.13
9.13
9.04
8.70
9.13
9.01
8.70
8.70
8.62
8.70
8.70
8.62
9.13
8.70
8.62
8.72
9.11
8.62
8.72
9.01
8.62
8.72
8.62
8.62
8.72
8.62
8.62
8.33
9.01
8.72
8.33
8.21
9.13
8.72
9.01
8.72
8.72
9.01
9.13
8.62
8.62
9.13
8.62
8.62
8.72
9.01
8.72
8.72
8.62
8.72
8.72
9.04
8.72
8.70
8.62
8.70
8.72
8.62
8.72
8.62
9.01
8.72
8.62
8.62
8.72
8.62
9.11
8.70
9.04
9.13
9.13
9.04
9.13
8.72
8.62
8.72
8.33
8.62
8.72
9.13
8.62
8.72
9.13
9.04
8.72
8.72
9.01
8.72
8.62
8.62
9.11
8.62
8.62
8.72
8.62
8.63
8.72
8.62
8.70
8.72
8.62
8.72
8.72
8.62
8.70
8.70
8.62
8.70
8.62
9.01
8.70
8.62
8.70
8.70
8.62
8.72
8.70
8.62
8.72
8.70
8.62
8.72
8.62
8.62
8.70
9.01
8.62
9.13
9.01
9.01
8.70
8.62
8.72
8.72
8.62
8.70
9.13
8.62
8.72
8.72
8.62
9.13
8.70
8.62
8.72
9.01
8.62
8.72
9.01
8.62
8.72
9.01
8.72
8.70
8.62
9.13
8.72
9.01
8.70
9.13
9.01
9.13
8.70
8.62
8.70
8.72
8.57
8.72
8.72
8.62
8.72
9.01
9.01
8.72
8.62
8.62
8.72
8.62
8.72
9.13
8.62
9.13
8.72
9.01
8.72
8.70
9.01
8.72
8.72
8.62
9.13
8.72
8.62
9.13
8.62
8.62
8.72
9.01
8.72
8.72
9.01
8.72
8.72
8.62
8.65
8.72
8.62
8.72
8.72
8.62
9.13
8.72
8.62
9.13
8.72
9.04
8.72
9.13
8.62
9.11
9.01
9.01
8.72
8.62
8.62
8.72
8.62
8.70
8.72
9.01
9.11
8.72
9.01
8.72
8.72
9.04
8.70
8.72
8.62
8.72
8.70
8.62
8.29
9.01
8.62
8.72
8.62
9.04
8.70
8.62
9.01
9.13
8.62
9.01
8.72
8.62
9.04
8.70
8.62
9.13
8.72
8.62
8.70
8.72
9.01
8.70
8.72
8.62
8.70
9.04
8.62
8.72
8.62
9.04
8.72
8.62
8.65
8.72
8.62
8.70
9.54
9.01
9.13
8.72
8.62
8.72
8.72
8.62
9.13
8.72
8.62
8.72
9.13
8.58
8.70
8.72
8.62
8.72
8.70
9.01
8.72
8.62
8.62
9.13
8.62
8.62
8.70
8.62
9.13
8.70
9.01
8.72
8.72
9.01
8.72
8.72
8.62
8.70
9.01
8.62
8.72
8.62
8.62
8.72
8.62
8.62
8.72
9.01
8.70
8.29
9.01
8.70
8.72
8.62
8.72
8.70
8.62
8.70
8.62
8.62
8.33
8.62
8.70
8.72
8.62
8.72
8.72
8.62
9.13
8.70
8.62
8.72
9.11
9.01
8.72
8.62
9.01
8.72
8.62
9.01
8.72
8.62
8.72
8.70
9.01
8.70
8.72
8.62
9.13
8.72
8.62
8.72
8.72
8.62
8.72
8.62
8.62
8.72
7.78
8.70
8.72
8.62
8.72
8.70
8.62
8.72
8.62
9.01
8.70
8.62
8.72
8.72
8.62
8.72
8.70
9.01
8.72
8.70
9.01
8.70
8.62
9.01
8.29
9.01
8.62
7.85
9.01
8.70
8.70
9.01
9.13
8.72
8.62
8.72
8.72
8.62
8.72
8.62
8.62
8.72
8.62
9.13
8.70
8.62
8.72
9.13
8.62
8.72
8.70
9.01
8.70
8.70
8.62
8.70
8.72
8.62
8.72
8.62
8.62
8.72
9.01
8.62
8.72
7.80
8.29
8.72
8.62
8.72
8.62
8.62
8.72
8.21
8.70
8.72
8.62
8.70
8.72
9.04
8.72
8.72
8.62
8.70
8.62
8.62
8.70
8.62
8.72
8.72
8.62
8.70
9.13
8.62
8.72
8.72
9.04
8.72
8.72
8.62
8.72
8.72
9.01
9.54
8.72
9.01
8.72
8.62
9.01
8.70
8.62
8.62
8.72
8.62
8.70
8.70
8.62
8.70
8.72
8.62
8.70
8.72
8.62
8.72
8.72
9.01
8.72
9.13
8.62
8.72
9.13
9.04
8.72
8.62
9.01
8.70
8.62
8.62
9.13
8.62
8.62
8.33
8.62
8.72
8.72
9.04
8.70
8.72
8.62
8.65
9.13
8.62
8.72
8.70
8.62
8.72
8.62
8.62
9.13
9.01
8.62
9.11
8.62
8.72
9.13
9.01
8.70
8.72
9.01
9.13
8.70
8.62
9.13
8.72
8.62
9.13
9.13
8.62
8.70
9.13
9.04
8.72
8.72
8.62
8.72
9.01
9.01
8.29
8.62
9.01
9.13
8.62
9.13
8.70
8.62
8.72
9.11
9.04
8.33
9.13
9.01
9.13
8.29
9.04
8.72
8.72
9.01
8.72
8.62
9.01
8.72
9.01
8.28
8.72
8.62
9.13
8.72
9.04
8.70
8.72
8.62
8.72
8.70
9.01
8.72
9.04
8.62
8.72
8.62
8.62
9.13
8.62
9.01
8.72
8.62
8.72
8.72
9.04
8.72
9.13
8.62
8.72
8.72
8.62
9.13
8.72
8.62
8.65
8.72
9.01
9.54
8.29
9.04
8.72
8.70
8.62
9.13
8.62
8.62
8.72
9.01
9.13
8.72
9.01
9.13
8.72
9.01
9.13
9.13
9.01
8.72
9.13
8.62
9.13
9.13
9.01
8.72
9.13
9.01
8.70
8.72
8.62
8.70
8.62
8.62
8.72
9.01
9.04
9.13
8.62
8.62
8.72
9.01
8.72
8.72
9.04
9.13
9.13
9.01
8.26
8.70
8.62
9.13
9.11
8.62
8.72
8.72
8.57
9.13
9.13
8.16
8.70
8.62
9.01
8.72
8.62
9.01
8.72
9.01
8.72
8.72
9.01
9.13
9.13
9.04
8.70
9.13
9.04
8.72
8.72
8.62
9.13
8.72
8.62
8.70
8.72
9.01
8.72
8.62
9.01
8.72
8.62
9.01
8.72
8.62
9.01
8.72
9.01
9.01
8.72
9.01
8.72
8.72
9.01
9.11
9.13
8.62
8.70
8.72
9.01
8.72
8.72
9.01
8.70
8.72
8.62
8.72
8.33
9.04
8.72
8.62
8.62
8.72
8.62
8.68
8.72
8.62
8.72
8.70
8.62
8.72
8.72
9.01
8.70
8.70
8.62
9.13
9.13
8.62
8.70
8.62
9.01
8.72
9.01
8.62
8.72
9.01
9.13
8.72
8.62
8.72
8.72
8.62
9.13
8.72
9.04
8.72
8.72
8.62
8.72
8.62
9.01
8.72
8.62
8.72
8.72
8.62
8.72
8.72
8.62
8.70
8.72
9.04
8.70
8.63
8.62
8.72
9.01
8.62
8.72
7.49
8.72
8.72
9.01
8.72
8.63
9.01
8.70
8.62
9.01
8.72
8.62
9.13
9.13
8.62
8.70
9.13
8.62
8.70
9.13
8.62
8.72
8.72
8.62
8.70
8.62
8.72
8.72
8.62
8.72
8.72
8.62
8.72
8.70
8.62
8.72
8.72
8.62
8.72
8.70
8.62
9.13
8.62
8.62
9.11
8.62
8.70
8.72
8.62
8.70
8.72
8.62
9.13
8.72
9.01
9.13
8.72
8.62
8.72
8.70
8.62
9.13
9.13
9.04
8.72
8.72
8.62
9.13
8.62
9.04
8.70
9.01
9.01
8.72
9.01
9.01
8.72
9.01
8.72
8.70
8.62
9.13
7.90
8.19
9.13
9.11
8.62
9.13
8.72
8.62
8.72
8.62
9.01
9.11
8.62
9.01
8.72
9.01
8.70
9.13
8.62
8.72
8.72
9.01
9.13
9.13
9.01
8.72
8.72
9.01
9.13
9.13
9.04
8.72
8.72
8.62
8.72
8.72
9.01
9.13
8.72
8.62
8.72
8.62
8.62
8.72
8.62
9.01
8.68
8.62
8.72
9.13
9.01
8.70
8.72
9.01
8.70
8.72
9.04
8.33
9.13
8.62
7.90
9.13
8.62
8.72
8.72
8.63
8.72
8.62
8.55
8.70
8.62
8.62
8.72
8.62
8.70
8.72
9.01
8.72
8.70
9.04
8.72
8.70
8.62
9.13
8.72
9.01
8.72
8.72
8.62
9.13
9.01
8.62
8.70
8.62
8.63
8.72
8.62
8.72
8.72
8.62
9.13
8.72
8.62
9.11
9.13
8.62
9.13
8.72
8.62
9.13
8.68
9.01
8.70
8.62
9.01
8.72
8.62
9.13
8.72
8.62
8.72
8.70
8.62
8.70
8.62
8.70
8.72
8.65
8.77
8.65
8.36
8.68
8.77
8.72
9.06
8.70
8.63
8.62
8.62
8.70
8.72
8.72
8.62
8.62
8.72
8.62
8.62
8.72
8.65
8.77
8.77
8.26
8.34
8.70
8.70
8.84
8.33
8.41
8.41
8.77
8.77
8.85
8.87
8.34
8.46
8.92
8.84
8.92
9.28
8.85
9.40
9.33
9.33
9.42
9.35
9.33
9.89
9.48
9.48
9.36
9.36
9.48
9.93
9.08
9.43
9.04
9.42
9.57
9.47
9.18
9.19
9.08
9.18
9.08
9.21
9.13
9.21
9.13
9.21
9.21
8.70
8.82
8.72
9.23
8.72
8.70
8.82
8.82
8.70
8.70
8.82
8.82
8.70
8.72
8.84
8.82
8.82
8.70
8.72
8.82
9.23
8.82
9.18
8.72
8.82
8.84
8.82
8.70
8.72
8.82
8.82
8.82
8.72
9.18
8.82
8.84
8.82
9.18
8.72
8.84
8.82
8.70
8.72
8.82
8.82
8.72
9.23
9.21
9.11
9.13
8.77
9.21
9.54
9.11
9.21
9.64
9.08
9.06
9.18
9.18
9.08
9.08
9.18
9.18
9.19
9.06
9.08
9.19
9.19
8.68
9.19
9.18
9.18
9.06
9.18
8.77
9.08
9.08
9.59
9.18
8.68
9.08
8.77
9.08
9.08
9.18
9.18
8.68
9.13
8.77
9.23
9.11
9.54
9.21
9.23
9.13
9.21
9.21
9.11
9.13
9.21
9.21
9.11
8.79
9.21
8.82
9.13
8.70
8.82
8.82
9.13
9.13
9.21
8.82
9.21
9.11
9.13
8.82
9.23
9.23
9.13
9.13
9.21
9.21
9.23
9.13
9.13
9.23
9.23
9.21
9.13
9.13
9.23
9.23
9.21
9.13
9.13
9.21
9.23
9.21
8.72
9.11
9.23
9.64
9.23
9.13
9.11
8.82
9.21
9.21
9.13
9.13
9.13
9.23
9.23
9.21
9.11
9.13
9.11
9.21
9.21
9.21
9.13
8.65
9.23
9.21
9.18
9.11
9.13
9.21
9.23
9.23
9.13
9.13
9.23
9.21
9.13
9.11
9.11
9.23
9.21
9.13
9.13
9.13
9.21
9.23
8.26
9.13
9.21
9.23
9.21
9.13
9.13
9.64
9.21
9.21
9.13
9.13
9.23
9.21
9.13
9.13
9.13
9.21
9.21
9.13
9.13
9.11
9.23
9.23
9.13
9.13
9.13
9.23
9.21
9.13
9.11
9.21
9.21
9.21
9.13
9.11
9.21
9.21
9.21
9.11
8.26
9.23
9.21
9.13
9.11
9.23
9.23
9.23
9.11
9.11
9.23
9.23
9.21
9.11
9.11
9.21
9.21
8.34
9.11
9.13
9.21
9.21
9.11
9.11
9.13
9.21
9.23
9.11
9.13
9.21
9.23
9.21
9.13
9.11
9.13
9.21
9.21
9.13
8.65
9.13
8.82
9.23
9.13
9.13
9.21
9.23
9.23
9.54
9.13
9.23
9.23
9.21
9.13
9.13
9.21
9.23
9.21
9.11
9.11
9.23
9.23
9.21
9.13
8.72
9.21
9.23
9.21
9.13
9.13
9.21
8.82
9.23
9.13
9.13
9.23
9.21
9.13
9.13
9.13
9.21
8.82
9.13
9.11
9.21
9.23
9.21
9.13
9.13
9.21
9.21
9.21
9.13
9.11
9.21
9.21
9.23
9.13
9.54
9.21
9.21
9.23
9.13
9.13
9.21
9.23
9.23
9.13
9.11
9.21
9.23
9.21
9.13
9.13
9.21
9.21
9.13
9.13
9.13
9.23
9.21
9.13
9.13
9.21
9.23
9.23
9.13
9.13
9.23
9.23
9.21
9.11
9.13
9.21
9.23
9.21
9.11
9.13
8.77
9.23
9.23
9.13
9.11
9.21
9.21
9.21
9.13
9.11
9.23
9.23
9.23
9.13
9.13
9.21
9.23
9.21
9.11
9.13
9.23
9.23
9.21
9.54
9.13
9.23
9.23
9.23
9.13
9.13
9.21
9.21
9.23
9.13
9.13
9.21
9.21
9.21
9.13
9.11
9.23
9.21
9.21
9.13
9.13
9.21
9.23
9.23
9.13
9.13
9.21
9.23
9.23
9.13
9.13
9.21
9.23
8.72
9.13
9.23
9.21
9.21
9.11
9.13
9.21
9.21
9.21
9.13
9.13
9.21
9.21
9.21
9.13
9.11
9.23
9.21
9.23
9.13
9.13
9.21
9.18
9.21
9.11
8.68
9.23
9.23
9.23
8.70
9.11
9.23
9.21
9.13
9.13
9.23
9.21
9.21
9.13
7.85
9.21
9.23
9.11
9.11
9.23
9.21
8.77
9.11
9.13
9.21
9.21
9.13
9.11
9.11
9.23
9.23
9.62
9.13
9.13
9.23
9.23
9.13
9.11
9.13
9.23
9.21
9.13
9.13
9.21
9.21
9.23
9.13
9.13
9.23
9.21
9.23
9.13
9.13
9.21
9.64
9.21
9.13
9.13
9.21
9.23
9.21
9.11
9.13
9.23
9.23
9.13
9.13
9.23
9.21
9.23
9.13
8.26
9.21
9.23
8.82
9.11
9.13
9.21
8.82
9.13
9.11
9.21
9.21
9.21
9.11
9.13
9.23
9.21
8.84
9.13
9.13
9.21
9.21
9.21
9.11
8.72
9.21
9.23
9.23
9.13
9.13
9.21
9.23
9.23
9.13
8.72
9.21
9.23
8.82
9.13
9.13
9.21
9.21
9.13
9.13
9.13
9.23
9.21
9.13
9.11
9.23
9.21
9.64
9.11
9.13
9.13
9.21
9.21
9.13
9.54
9.11
9.21
9.21
9.13
9.13
9.13
9.21
9.23
9.13
8.26
9.23
9.21
9.13
9.11
9.13
9.23
9.23
9.13
9.13
9.21
9.21
9.23
9.11
9.13
9.23
9.23
8.36
9.13
9.11
9.23
9.23
9.13
9.13
9.21
9.23
9.21
9.11
9.13
9.21
9.21
9.21
9.11
9.13
9.23
9.21
9.21
9.13
9.13
9.23
9.23
9.21
9.13
9.11
9.11
9.21
9.21
9.11
9.11
9.13
9.21
9.18
9.13
9.11
9.21
9.21
9.21
9.13
9.13
9.23
9.23
9.21
9.11
9.13
9.19
9.23
9.21
9.13
8.26
9.21
9.23
9.21
9.13
9.13
9.21
9.21
9.11
9.11
9.13
9.21
9.23
9.13
9.13
9.19
9.23
8.82
9.13
9.11
9.21
9.21
9.21
9.11
9.13
9.23
9.23
9.23
9.13
9.13
9.23
9.21
9.23
9.11
9.54
9.21
9.23
9.23
9.13
9.13
9.21
8.82
9.13
9.11
9.11
9.21
9.21
9.13
9.13
9.11
9.21
8.82
9.11
9.11
9.21
9.21
9.21
9.13
8.70
9.21
9.21
9.11
9.13
9.13
9.23
9.21
9.13
9.13
9.54
9.23
9.23
9.13
9.13
9.13
9.23
9.21
9.13
9.13
9.13
9.21
9.21
9.13
9.13
9.21
9.21
9.23
9.11
9.11
9.23
9.21
9.21
9.13
9.11
9.23
9.23
9.23
9.13
9.11
9.21
9.21
9.23
9.11
9.13
9.21
9.23
9.21
9.13
9.11
8.84
9.21
9.21
9.13
9.13
9.21
9.21
9.21
9.13
9.13
9.23
9.21
9.13
9.13
9.13
9.23
9.21
9.11
9.13
9.11
9.21
9.21
9.13
8.70
9.13
9.23
9.23
9.13
9.13
9.23
9.21
9.19
9.13
9.13
9.21
9.23
9.23
9.13
9.13
9.23
8.77
9.13
9.13
9.23
9.23
9.21
9.13
9.13
9.23
9.21
9.21
9.13
9.13
9.21
9.23
8.82
9.13
7.85
9.21
9.21
9.13
9.13
9.21
9.23
9.21
9.11
9.11
9.21
9.21
9.18
9.13
9.11
8.82
9.23
8.26
9.13
9.21
9.23
9.23
9.13
9.13
9.23
9.23
9.23
9.13
9.11
9.21
9.21
9.23
9.13
9.13
9.21
9.21
9.11
9.11
9.13
9.23
9.21
9.11
9.13
9.13
9.23
9.21
9.13
9.13
9.23
9.21
9.23
9.11
9.13
9.23
9.21
9.23
9.13
9.54
9.23
9.21
9.23
9.13
9.13
9.23
8.82
9.13
9.13
9.13
9.23
9.21
9.13
9.13
9.21
9.23
9.62
9.13
9.13
9.21
9.21
9.21
9.13
9.13
9.23
9.23
9.21
9.11
9.13
9.23
9.21
9.23
9.13
9.13
9.23
9.21
9.21
9.13
9.13
9.62
9.23
9.13
9.13
9.11
9.21
9.21
8.70
9.13
9.11
9.21
9.23
9.13
9.13
9.23
9.23
9.23
8.70
9.13
9.21
9.21
9.21
9.11
9.13
9.23
9.23
9.11
9.13
9.13
9.23
9.23
9.13
9.13
9.11
8.77
9.21
9.13
9.11
9.11
9.21
9.21
9.13
9.13
9.23
9.21
9.23
9.13
9.13
9.21
9.23
9.23
9.13
9.13
9.23
9.23
9.21
9.13
9.13
9.21
9.21
9.13
9.13
9.21
9.21
9.23
9.13
9.13
9.21
9.23
9.21
9.13
9.13
9.23
9.21
9.11
9.11
9.13
9.21
9.21
9.11
9.13
9.13
9.21
9.21
9.13
9.13
9.23
9.23
9.21
9.13
9.13
9.21
9.23
9.23
9.13
9.13
9.21
9.23
9.18
9.11
9.11
9.21
9.23
9.13
9.13
9.21
9.21
9.23
8.70
9.11
9.23
9.23
9.13
9.13
9.13
9.21
9.21
9.11
9.13
9.13
9.23
9.23
9.21
9.13
9.13
9.23
9.23
9.21
9.11
9.13
9.21
9.21
9.21
9.11
9.11
9.23
9.23
9.13
9.13
9.13
9.23
9.23
9.13
9.11
9.21
9.21
8.82
9.11
9.13
9.23
9.21
8.82
9.11
9.13
9.23
9.64
9.21
9.13
9.11
9.21
9.21
9.13
9.11
9.11
9.21
9.21
9.13
9.13
9.11
9.23
9.23
9.13
9.13
9.23
9.23
9.23
9.13
9.11
9.23
9.21
9.21
9.13
9.13
9.23
9.23
9.21
8.72
9.11
9.62
9.23
9.13
9.13
9.11
9.23
9.21
9.13
9.13
9.21
9.21
9.23
9.11
9.13
9.21
9.21
9.21
8.65
9.13
9.23
8.82
8.72
9.13
9.11
8.82
9.23
9.13
9.13
9.21
9.21
9.23
9.13
9.13
9.21
8.41
9.13
9.13
9.23
9.21
9.23
9.13
9.13
9.21
9.21
9.21
9.13
9.13
9.23
9.21
9.13
9.13
8.36
9.23
9.23
9.11
9.13
9.23
9.23
8.84
9.13
9.13
9.23
9.23
9.13
9.11
9.13
9.21
9.21
9.54
9.13
9.13
9.21
9.23
9.11
9.13
9.11
9.21
9.23
9.13
9.11
9.13
9.23
9.23
9.13
9.13
9.06
9.23
9.23
8.72
9.13
9.23
9.21
9.21
9.13
9.13
9.23
9.21
9.23
9.11
9.13
9.21
9.23
9.21
9.13
9.13
8.82
9.23
9.13
9.11
9.13
9.23
9.23
9.13
9.13
9.21
9.21
9.23
9.13
9.13
8.82
9.23
9.23
9.11
9.13
9.21
9.23
9.11
9.13
9.13
9.23
9.21
9.13
9.13
9.21
9.21
9.21
9.13
9.11
9.21
9.23
9.21
9.13
9.54
9.21
9.23
9.21
9.11
9.13
9.23
9.21
9.21
9.13
9.13
9.21
9.23
9.21
9.13
9.13
9.21
8.77
9.18
9.13
9.13
9.23
9.21
9.13
9.13
9.13
9.21
9.23
9.13
9.13
9.21
9.21
9.23
9.13
8.70
9.23
9.23
9.23
9.13
9.13
9.23
9.23
9.11
9.13
9.11
9.23
9.21
9.11
9.13
9.13
9.23
8.34
9.13
9.13
9.23
9.23
9.13
9.13
9.23
9.21
9.21
9.13
9.11
9.23
9.23
9.11
8.72
9.13
8.36
9.23
9.13
9.13
9.23
9.21
9.21
9.13
9.13
9.23
9.23
9.13
9.13
9.13
9.21
9.21
9.11
7.85
9.21
9.21
9.21
9.13
9.13
9.23
8.84
9.13
9.13
9.13
9.21
9.23
9.13
9.13
8.82
9.21
9.23
9.13
9.13
9.21
9.21
9.21
9.13
9.11
9.21
9.21
9.13
9.13
9.13
9.21
9.21
8.70
9.11
9.23
9.23
9.21
9.11
9.13
9.21
9.23
9.21
9.13
9.13
9.23
9.23
9.21
9.13
9.13
9.21
9.23
8.72
9.13
9.23
8.82
9.21
9.11
9.13
9.21
9.23
9.23
9.13
9.13
9.23
9.21
9.13
8.70
9.13
8.82
9.21
9.11
9.11
9.21
9.21
9.13
9.13
9.13
9.21
9.23
9.13
9.13
9.13
9.21
9.23
9.13
7.85
9.21
9.21
9.21
9.13
9.13
9.21
9.21
9.21
9.13
9.11
9.23
9.23
9.21
9.13
8.72
9.23
7.97
9.11
9.13
9.13
9.21
9.21
9.11
8.72
9.21
9.21
9.21
9.13
9.11
9.23
9.23
9.23
9.13
8.68
9.21
9.23
9.13
9.13
9.13
9.21
9.21
9.11
9.13
9.13
9.23
9.21
9.13
9.13
9.23
9.21
8.82
9.13
9.13
8.82
9.23
9.13
9.13
9.13
9.23
9.21
9.13
9.11
9.21
9.21
9.23
9.11
9.13
9.23
9.21
9.21
9.13
9.13
9.21
8.82
9.13
9.11
9.18
9.21
9.21
9.11
9.13
9.21
9.23
9.23
9.11
9.11
9.21
9.23
9.21
9.13
8.65
9.21
9.23
9.11
9.13
9.21
9.21
8.82
9.13
9.13
9.23
9.21
9.11
9.13
9.13
9.21
9.23
8.70
9.11
9.11
8.82
9.23
9.13
9.13
8.82
9.23
9.21
9.13
9.13
9.21
9.21
9.21
9.13
9.13
8.36
9.21
9.21
8.72
9.13
9.21
9.23
9.23
9.11
9.11
9.21
9.23
9.11
9.13
9.23
9.23
9.23
9.13
9.13
9.21
9.21
9.13
9.11
8.65
9.21
9.21
9.13
9.11
9.23
9.23
8.77
9.13
9.13
9.21
9.21
9.21
9.13
9.13
9.21
9.21
9.13
9.13
9.13
9.21
9.21
9.13
9.13
9.23
9.23
9.21
9.13
9.13
9.21
9.21
9.11
9.13
9.23
9.21
9.23
9.11
9.13
9.23
9.23
9.21
9.13
9.13
9.23
9.23
9.23
9.13
9.11
9.21
9.21
9.11
9.13
9.13
9.23
9.21
9.21
9.13
9.13
9.21
9.21
9.13
9.13
9.14
9.21
8.82
9.13
9.11
9.21
9.21
9.23
9.13
9.13
9.23
9.23
9.54
9.13
9.23
9.23
9.21
9.13
9.11
9.21
9.21
9.23
9.13
9.11
9.21
9.23
9.11
9.13
9.23
7.94
9.13
9.13
9.11
9.23
9.21
9.13
9.13
9.23
9.21
9.21
9.11
9.11
9.21
9.21
9.21
9.13
8.65
9.23
9.23
8.72
9.11
9.13
9.21
9.21
9.13
9.13
9.23
9.23
9.23
9.13
9.13
9.21
9.21
9.18
9.13
9.13
8.77
9.21
9.13
9.13
9.13
9.21
9.23
9.13
9.11
9.13
9.23
9.21
9.13
9.13
9.13
9.21
9.21
9.13
9.11
9.23
8.82
9.21
9.13
9.11
9.21
9.21
9.13
9.13
9.21
9.23
9.21
9.13
9.11
9.21
9.21
9.23
9.13
9.11
9.21
9.23
9.23
9.11
9.13
9.21
9.21
9.13
9.13
9.13
9.21
9.21
9.13
9.11
9.11
9.23
9.21
9.11
9.13
9.21
9.21
9.23
9.13
9.13
9.21
9.23
9.13
9.13
9.13
9.23
9.23
9.13
9.11
9.23
9.23
9.21
9.13
9.11
9.21
9.18
9.14
9.13
9.11
9.21
9.21
9.23
9.11
9.13
9.21
9.21
9.13
9.13
9.21
9.21
9.23
9.13
9.13
9.21
9.21
9.13
9.11
9.13
9.23
9.21
9.11
9.11
9.23
9.21
9.23
9.13
9.11
9.21
9.21
9.23
9.11
9.13
9.23
9.21
9.23
9.11
9.13
9.21
9.21
9.13
9.13
9.23
9.21
9.21
9.11
9.11
9.23
9.21
9.13
8.72
9.13
9.21
9.21
9.13
9.13
9.23
9.23
9.13
9.13
9.13
9.23
9.23
9.13
9.13
9.23
9.21
9.23
8.72
9.11
9.23
9.21
9.23
9.11
9.13
9.23
9.21
9.13
9.13
9.21
9.23
9.23
9.11
9.13
9.21
9.23
9.13
9.54
9.13
9.21
9.23
9.13
9.13
9.21
8.82
9.23
9.13
9.13
9.21
9.21
9.21
9.13
9.13
9.21
8.82
9.23
9.11
8.72
9.23
9.21
9.13
8.70
9.21
9.23
9.23
9.13
9.13
9.21
9.23
9.11
9.13
8.65
9.23
9.23
9.13
9.13
9.23
9.21
9.21
9.13
9.13
9.23
9.21
9.11
r20.56
18.69
19.44
19.64
20.48
20.25
20.29
19.64
20.49
20.25
19.90
19.08
20.49
20.25
19.91
18.77
20.49
20.25
19.90
18.77
20.07
19.86
20.71
18.37
20.37
20.65
19.85
19.23
20.49
19.85
19.44
18.77
20.48
20.99
19.05
19.18
20.08
21.07
19.91
19.23
19.66
20.25
19.91
19.64
20.92
20.66
20.29
19.64
21.36
20.66
20.78
19.64
21.34
20.66
20.76
19.64
21.34
20.66
20.76
19.64
21.22
20.56
20.76
19.22
21.34
20.66
20.76
19.64
21.34
20.66
20.66
19.64
21.34
20.66
20.78
19.64
21.34
20.66
20.78
19.54
21.34
20.66
20.76
19.64
21.34
20.66
20.76
19.64
21.22
20.65
20.76
19.64
21.34
20.66
20.76
20.12
21.34
20.56
20.36
19.64
21.34
20.25
20.36
20.08
20.93
20.65
20.65
19.18
21.34
20.71
20.76
20.12
20.93
20.66
20.76
19.69
20.93
21.07
19.91
20.08
20.93
19.85
19.47
18.77
20.83
21.84
19.44
19.69
20.49
21.07
20.71
19.23
20.90
21.38
21.02
18.82
20.93
19.40
19.44
18.77
20.08
21.07
20.71
20.00
20.48
20.25
16.12
19.22
20.49
19.85
17.33
17.92
20.37
20.27
15.44
19.69
20.48
20.27
9.86
20.63
20.49
19.85
9.76
5.57
20.07
21.12
7.07
6.29
19.62
21.51
7.77
5.42
20.48
20.66
6.32
5.15
18.30
9.36
6.56
5.83
10.11
8.70
7.03
5.84
10.11
6.78
6.22
5.13
8.11
6.22
6.00
5.06
6.86
5.93
6.00
4.75
7.22
5.47
5.91
4.82
7.99
6.12
5.71
5.15
6.40
5.83
6.15
5.37
6.35
5.50
6.91
5.84
6.15
5.01
5.79
6.34
6.63
5.11
6.56
7.97
6.12
5.15
7.27
7.65
6.35
5.62
8.22
7.20
6.83
5.64
6.83
5.71
7.71
7.97
8.34
6.06
18.08
19.69
6.06
6.69
19.00
9.69
7.48
6.12
20.66
19.13
8.43
6.90
20.31
18.77
10.01
7.34
20.71
19.64
8.82
9.79
20.71
19.23
9.91
7.65
20.31
19.20
8.75
8.92
20.20
19.23
8.97
9.93
20.71
19.23
11.05
9.93
20.71
19.64
15.61
10.08
20.31
19.23
15.61
9.28
19.85
19.64
15.61
9.18
19.86
19.23
16.00
8.41
19.86
18.77
13.01
9.50
20.31
19.06
8.97
10.85
20.29
19.64
9.23
10.69
19.86
18.77
8.55
13.35
20.29
19.23
8.85
11.15
20.71
17.97
8.94
7.03
19.76
18.77
8.55
8.00
20.71
19.64
7.63
6.47
12.05
10.98
7.19
7.83
21.12
9.40
6.86
6.91
15.13
8.99
5.91
5.55
8.91
8.48
7.19
6.06
6.51
10.62
6.78
5.62
6.05
6.69
5.43
5.55
6.56
7.41
5.60
5.55
6.22
8.36
6.12
5.86
5.35
6.42
6.20
5.91
5.76
6.06
5.86
7.49
5.83
6.05
6.27
6.51
5.33
5.57
7.15
5.86
5.55
5.54
6.76
6.27
5.20
5.83
6.86
6.57
5.28
5.86
8.50
7.19
5.40
7.85
8.04
9.42
5.28
6.44
8.40
10.49
6.20
6.29
16.87
21.07
6.25
6.57
15.06
18.93
6.01
6.08
21.34
18.08
6.71
7.85
20.93
20.66
6.71
7.97
20.49
20.25
7.48
11.34
20.49
20.25
12.61
12.04
19.98
21.94
17.84
19.23
20.49
21.05
16.29
18.33
20.48
20.97
19.40
18.30
20.93
21.07
19.85
17.91
20.07
21.51
19.44
20.08
20.90
20.71
21.16
19.64
20.02
20.27
19.79
19.23
20.02
20.27
19.44
19.64
19.62
20.66
20.76
19.64
19.59
20.56
20.76
19.64
20.07
20.66
20.36
19.64
20.08
20.27
19.79
19.64
20.07
20.25
19.00
19.64
19.69
20.25
20.71
19.18
18.82
20.27
20.29
18.77
20.49
20.27
21.56
19.22
20.83
20.27
20.31
19.64
20.49
20.27
15.05
20.08
20.07
20.19
10.86
9.43
20.07
21.07
9.79
8.57
20.93
20.25
6.91
9.89
20.49
19.85
6.86
5.98
19.66
19.05
6.15
6.22
20.36
18.21
7.71
5.66
15.44
20.20
6.80
6.42
9.36
7.90
5.86
5.89
8.40
8.82
6.00
5.57
9.55
6.42
5.91
5.66
6.27
5.83
4.89
5.66
7.43
5.66
5.35
5.72
8.29
6.01
5.25
5.66
6.51
6.35
6.01
5.83
6.12
5.55
5.96
5.93
6.06
5.55
5.96
6.22
5.98
5.66
6.86
6.37
5.91
5.71
6.35
9.99
6.56
5.60
9.71
8.72
7.03
6.22
6.71
7.71
7.32
5.86
8.68
8.36
6.15
5.83
11.32
12.14
8.26
7.22
19.91
11.73
7.22
5.86
20.20
19.64
20.66
7.49
19.85
19.20
9.11
7.80
20.71
19.22
8.55
12.39
20.71
19.23
8.91
9.48
20.31
18.37
21.73
10.33
19.83
20.05
20.08
9.33
20.71
19.23
21.73
10.61
20.31
19.54
20.48
12.85
20.31
19.22
20.90
14.06
20.71
19.64
20.31
14.18
20.71
19.23
20.90
13.21
20.71
19.23
20.90
11.92
20.29
19.23
14.23
9.30
20.31
19.64
21.34
11.61
20.20
19.64
8.46
12.90
20.31
19.64
8.11
8.16
20.31
19.64
11.61
7.39
20.71
13.28
7.78
5.91
15.34
8.41
9.01
6.63
11.22
7.65
7.08
5.86
7.03
7.29
7.39
6.22
7.68
8.16
6.98
5.69
11.68
7.20
6.32
5.25
6.42
6.85
5.96
5.55
5.96
5.83
6.06
5.62
6.83
5.83
6.18
5.91
5.66
5.77
6.51
5.47
5.64
5.72
7.43
5.66
5.40
5.66
7.63
6.35
5.49
5.55
9.43
7.39
5.55
6.85
7.94
6.47
6.35
5.98
9.36
9.57
6.25
5.18
21.34
20.27
7.43
6.42
20.02
17.65
7.27
5.86
20.37
20.56
6.91
7.83
20.49
20.66
7.07
7.26
20.93
21.07
10.61
7.63
20.49
20.66
15.29
19.20
20.49
20.65
19.00
16.70
20.42
20.27
19.90
16.54
20.07
20.25
19.79
20.08
20.78
21.43
20.78
19.18
20.05
19.86
18.48
18.77
20.08
20.27
19.44
19.64
20.93
20.66
19.05
19.64
20.48
20.27
19.08
19.64
20.49
20.25
19.51
19.64
20.49
20.25
19.44
19.64
20.78
20.27
20.27
19.64
20.49
20.25
19.91
19.64
20.07
20.27
18.52
19.23
20.48
20.27
20.76
19.64
20.93
20.66
19.91
20.00
20.93
20.27
15.49
19.23
20.93
20.27
11.22
8.43
21.22
20.66
9.84
7.65
20.07
20.27
7.07
6.86
20.08
19.44
6.85
5.93
20.08
19.79
5.79
6.85
18.57
16.05
6.42
5.50
20.87
21.00
8.19
5.98
9.30
7.70
5.66
5.54
8.99
6.42
5.43
5.66
6.32
5.98
5.47
5.66
7.75
5.25
5.40
5.62
11.13
6.42
5.28
5.72
7.43
8.11
6.51
5.77
6.47
5.55
6.76
6.18
6.01
5.72
5.33
6.76
5.91
5.30
6.47
8.07
6.56
5.66
7.75
9.30
8.26
5.86
7.49
8.28
7.48
5.91
17.68
19.18
8.11
5.98
19.44
18.77
10.78
7.90
20.71
19.64
8.94
7.65
20.61
19.64
20.48
11.15
20.27
19.64
20.48
19.79
20.71
19.20
20.48
20.65
20.29
19.64
20.49
20.66
20.71
18.77
20.37
20.66
20.71
19.64
20.49
20.66
20.71
19.20
20.48
20.15
20.71
19.20
20.48
20.27
20.71
19.20
20.49
20.66
20.61
19.64
20.49
20.27
20.71
19.18
20.49
20.27
20.71
19.20
20.48
20.65
20.71
19.18
20.48
20.66
20.71
19.64
20.41
20.56
20.31
19.64
20.48
20.66
20.71
19.64
20.49
20.25
20.20
19.20
20.48
20.66
20.31
19.64
20.48
20.66
20.29
19.56
20.48
20.27
20.71
19.62
20.48
20.66
20.31
19.64
20.36
20.66
20.71
19.64
20.48
20.27
20.29
19.64
20.08
20.15
20.71
19.64
20.49
20.27
20.31
19.64
20.49
20.65
19.85
19.64
20.07
20.65
20.31
19.64
19.62
20.66
20.31
19.64
20.90
13.91
20.29
19.20
20.87
9.77
20.70
18.77
8.63
9.47
20.31
19.64
9.62
10.85
20.29
19.64
7.22
6.93
20.25
19.56
6.47
5.96
18.55
10.30
6.68
7.29
20.71
9.23
8.58
5.84
8.87
6.85
6.91
5.96
8.87
7.36
7.03
5.47
6.56
7.51
6.25
5.42
6.20
13.16
5.91
5.42
5.55
8.11
5.84
5.71
6.56
5.62
6.47
5.79
5.84
5.62
6.51
6.51
5.50
5.47
7.27
5.96
6.01
5.11
6.86
5.83
5.26
5.11
12.09
6.57
5.60
5.42
12.68
6.18
5.76
5.50
7.32
7.19
5.76
6.57
8.68
20.92
6.86
6.29
13.14
9.33
6.56
5.57
19.15
21.07
5.69
5.47
20.93
20.25
6.98
5.93
20.49
19.85
6.63
5.98
20.48
20.56
8.43
7.80
20.07
20.25
8.68
19.69
20.49
20.25
17.07
19.18
20.48
20.66
15.97
19.22
20.90
20.27
18.13
19.23
20.78
20.25
20.71
19.62
20.08
20.66
20.25
19.64
20.07
20.56
19.40
19.64
19.66
21.51
19.00
19.20
19.66
20.65
19.40
19.64
20.93
21.07
21.12
19.69
20.49
20.27
21.16
20.08
20.90
20.66
19.05
14.86
20.48
19.86
21.16
8.43
20.42
20.15
8.34
6.85
20.08
20.65
8.14
7.08
19.22
20.66
6.15
6.01
20.49
20.66
7.27
5.47
21.34
19.79
7.00
5.66
20.78
8.04
6.68
6.13
8.91
7.61
6.25
5.42
7.71
5.96
5.69
4.94
7.14
6.57
5.71
5.54
7.78
5.76
5.60
5.13
8.46
5.15
5.79
5.62
6.51
5.71
6.27
5.69
6.40
6.27
6.47
6.93
5.79
5.47
5.40
6.22
6.22
5.50
6.51
7.29
6.06
5.54
19.40
7.56
6.35
6.13
8.12
8.00
7.99
7.05
20.29
19.18
6.27
6.13
20.76
19.23
11.70
7.27
19.85
19.64
9.86
7.90
20.31
19.54
14.35
11.80
20.31
19.23
20.07
21.07
20.27
18.43
20.37
19.79
20.29
20.08
20.90
20.66
19.85
18.82
20.49
20.56
20.70
19.20
20.49
20.66
20.71
19.64
20.49
20.66
20.20
19.64
20.48
20.66
20.31
19.64
20.48
20.66
20.31
19.23
20.49
20.66
20.31
19.64
20.48
20.66
20.31
19.64
20.37
20.56
20.29
19.64
20.48
20.27
20.31
19.23
20.48
20.27
20.20
19.22
20.07
20.66
20.31
19.64
20.49
20.25
20.31
19.54
20.48
20.27
20.31
19.64
20.08
20.25
20.29
19.22
19.95
20.66
20.31
19.64
20.49
20.65
20.31
19.23
20.49
20.15
20.31
18.82
20.08
19.85
20.29
18.82
20.49
20.66
20.20
18.82
20.48
20.25
20.31
18.77
20.49
20.66
20.31
19.64
20.49
20.27
20.31
19.64
20.08
20.25
20.31
19.64
20.36
20.56
20.31
19.23
21.34
20.27
20.31
19.64
20.08
20.66
20.20
19.23
20.07
21.07
20.31
19.23
20.08
12.16
20.31
19.54
20.07
10.85
20.31
19.22
8.50
8.82
20.31
19.18
7.99
8.21
19.85
19.23
7.99
6.85
19.47
19.64
6.57
6.51
19.51
9.76
7.19
7.08
13.77
18.84
5.60
7.00
13.36
8.00
7.90
6.01
7.83
8.21
6.78
5.66
7.48
11.90
6.35
5.91
6.85
6.73
6.12
5.55
6.56
7.87
5.83
5.50
5.91
6.90
6.20
5.83
6.08
6.08
5.96
5.86
5.84
5.62
6.47
6.57
5.84
5.01
7.19
6.57
5.66
5.06
6.80
5.47
5.76
5.47
6.51
6.57
5.71
5.37
7.27
6.64
5.84
5.83
21.45
8.55
7.07
6.08
11.44
21.73
6.68
6.29
20.93
20.66
6.86
5.86
20.48
20.25
6.61
5.57
20.08
19.85
8.63
7.97
20.07
20.25
9.59
18.88
20.07
20.15
19.05
19.64
20.48
20.65
21.12
19.64
20.48
20.66
20.61
18.77
19.62
20.66
20.71
19.64
20.07
20.66
20.29
19.54
20.07
20.65
20.31
19.23
20.48
20.65
19.91
19.22
19.98
20.65
19.91
19.64
20.07
21.07
19.91
19.64
20.49
20.97
19.91
19.64
20.08
21.07
19.44
18.77
20.54
20.66
19.85
19.08
20.93
21.07
16.54
18.77
20.93
20.25
15.85
19.23
20.49
20.25
12.92
19.64
19.20
19.85
13.41
18.01
20.42
20.56
7.83
7.51
20.92
20.25
6.71
6.12
18.82
20.66
10.35
5.06
16.77
21.94
6.71
6.13
13.48
6.78
7.77
5.21
19.73
7.19
5.84
5.47
7.22
6.57
5.76
5.49
6.15
5.50
5.60
4.99
7.68
7.49
5.55
5.18
8.19
14.42
5.86
5.69
5.79
5.79
5.66
7.00
5.86
5.98
5.50
6.13
5.76
5.57
6.06
7.15
6.00
6.01
7.92
7.97
6.42
6.06
8.48
8.46
7.68
7.68
11.58
19.13
6.37
7.19
20.27
19.64
9.82
9.01
19.85
19.64
8.82
12.27
20.71
19.64
20.07
20.65
20.71
18.77
20.48
20.99
20.61
19.18
20.48
20.66
20.71
19.64
20.49
21.07
20.71
19.56
20.48
21.07
20.71
19.64
20.90
21.07
19.85
19.64
20.37
21.07
20.71
19.64
20.48
21.07
20.71
19.62
20.90
20.97
20.31
19.64
20.49
20.66
20.71
19.64
20.48
21.07
19.85
19.64
20.48
21.07
20.71
18.77
20.49
21.07
20.31
8.87
20.49
21.07
20.71
19.23
20.49
21.07
20.31
19.22
20.37
20.97
20.71
19.64
20.48
21.07
20.71
19.23
20.48
21.07
20.20
19.23
20.48
21.07
20.71
19.64
20.48
21.07
20.71
19.54
20.48
21.07
20.71
19.64
20.49
20.65
20.29
19.22
20.37
20.66
20.71
19.22
20.48
20.66
20.71
19.23
20.48
20.97
20.31
19.23
20.48
20.66
20.31
19.64
20.48
20.66
20.31
19.64
20.48
20.66
20.29
19.64
20.48
20.66
20.31
19.22
20.07
19.86
20.31
19.64
20.87
16.14
19.86
19.64
8.79
8.34
19.86
19.20
9.65
11.68
20.31
19.23
12.63
6.35
20.27
18.72
8.79
6.27
20.25
8.16
6.83
7.54
10.98
7.56
7.39
5.66
10.11
6.85
6.35
5.71
7.07
7.36
6.47
5.21
6.56
6.49
6.56
5.15
6.06
5.13
6.27
5.55
7.15
5.54
6.27
4.99
6.40
5.01
6.83
5.86
6.15
4.94
7.14
6.27
6.15
4.79
7.20
5.15
6.35
4.86
8.46
7.54
6.44
4.79
8.04
6.27
8.43
4.65
11.02
8.87
7.20
5.18
17.04
21.87
6.56
4.91
21.65
20.56
7.68
6.08
21.36
21.12
7.87
6.08
20.48
20.65
21.12
7.97
20.48
20.65
13.64
18.82
20.07
20.27
11.22
18.79
19.98
20.25
16.61
19.23
20.48
20.66
18.59
19.18
20.48
20.56
20.27
19.18
20.07
20.65
20.31
17.92
20.07
21.07
20.61
18.06
20.49
20.66
20.31
18.72
20.07
20.66
19.90
19.23
20.08
20.66
19.85
19.64
20.48
20.66
20.31
18.77
20.83
20.58
20.71
18.77
20.07
20.66
20.31
19.64
20.48
20.65
20.65
18.77
20.48
20.25
20.66
19.22
20.07
20.25
20.31
19.22
19.20
20.66
10.83
8.12
19.27
20.27
10.40
7.26
20.83
20.66
7.99
5.57
20.48
21.07
7.75
5.26
20.93
20.27
7.92
6.90
20.93
21.87
7.39
5.93
9.65
21.00
7.05
5.50
7.63
6.37
6.40
4.82
7.12
6.42
6.40
4.79
6.76
5.86
5.79
5.15
6.27
6.37
5.79
5.77
9.76
5.98
5.71
5.42
6.27
5.43
6.40
6.76
5.84
5.55
8.22
6.27
5.79
5.55
6.83
9.54
5.60
5.62
7.78
6.90
6.47
6.06
6.47
7.34
12.09
9.54
5.60
6.78
20.36
20.05
6.86
13.14
20.71
19.22
9.62
8.29
20.25
19.62
20.42
20.27
20.31
19.23
20.90
20.25
19.86
18.77
20.48
20.65
20.31
19.20
20.90
20.65
20.31
18.79
20.41
20.99
20.71
19.64
20.48
20.66
20.31
19.64
20.49
20.66
20.63
19.64
20.49
20.66
20.71
19.64
20.49
20.66
20.29
19.54
20.48
21.07
20.71
19.23
20.48
21.07
20.31
19.64
20.37
21.07
20.31
19.22
20.48
21.07
20.31
19.64
20.48
20.97
20.31
19.64
20.48
21.07
20.71
19.64
20.49
21.07
20.61
18.77
20.07
20.66
20.29
19.64
20.49
21.07
20.71
19.23
20.87
20.66
20.31
19.64
20.90
21.07
20.71
19.64
20.42
20.56
20.71
18.77
20.90
20.66
20.31
19.22
20.42
21.07
19.73
18.37
19.27
10.49
20.31
18.37
8.85
8.29
19.86
19.64
10.30
10.08
20.29
18.77
7.27
7.08
20.36
19.23
8.91
5.50
20.71
8.92
6.63
7.29
20.25
8.48
7.99
5.55
9.71
6.78
7.75
5.15
13.16
7.08
6.98
5.11
8.84
6.78
6.91
5.42
8.79
9.89
6.68
5.06
7.15
7.00
6.27
5.06
7.00
9.08
6.18
5.04
6.00
5.62
6.37
4.99
7.99
6.05
6.40
5.42
6.68
5.06
6.42
5.47
5.91
4.70
6.86
6.15
6.00
4.70
7.51
6.12
5.96
5.13
7.22
5.50
6.12
5.11
6.51
5.93
6.15
5.01
7.54
5.84
5.76
5.11
8.55
6.47
7.00
6.27
9.94
8.87
6.42
5.37
16.07
21.48
6.64
5.21
20.08
20.25
8.12
5.55
20.37
20.56
7.39
5.57
20.93
21.07
7.94
8.36
20.87
20.65
12.26
19.59
20.90
20.27
12.90
19.23
20.49
20.66
20.31
18.77
20.78
20.66
20.31
19.22
19.22
20.66
19.35
19.64
20.07
20.56
19.85
18.77
20.93
20.66
19.85
19.23
20.93
20.25
19.76
19.22
20.87
20.25
18.48
19.64
20.48
20.66
20.31
19.23
20.48
20.66
19.86
19.64
20.48
20.65
20.27
19.23
20.37
21.07
17.77
20.08
20.49
20.66
10.50
8.26
20.48
20.61
6.86
5.62
19.62
21.07
7.63
6.13
20.49
20.25
6.00
5.21
16.07
20.61
7.22
5.15
12.33
8.11
7.27
5.18
7.90
6.83
5.91
5.26
8.75
6.44
5.89
5.33
6.76
5.30
5.79
5.26
6.93
5.54
5.71
5.42
6.63
6.85
6.05
5.54
6.63
6.01
6.20
5.47
6.06
5.30
6.83
6.08
5.96
5.35
6.71
7.05
6.15
5.76
8.22
8.68
6.98
5.50
7.43
7.77
7.68
6.01
9.50
18.33
7.27
6.06
20.71
18.77
13.64
7.19
20.31
19.64
8.65
9.57
19.73
19.64
13.07
9.72
20.31
15.76
19.56
19.40
20.29
17.50
20.49
21.50
20.31
18.30
20.49
19.79
19.85
19.20
20.78
21.07
20.71
19.18
20.49
21.07
20.70
19.64
20.48
20.97
20.61
19.64
20.90
21.07
20.71
19.23
20.49
21.07
20.71
19.56
20.49
21.07
20.71
19.23
20.48
21.07
20.71
19.64
20.37
21.07
20.31
19.64
20.48
20.65
20.71
19.23
20.49
20.99
20.31
19.23
20.49
21.07
20.31
19.64
20.48
21.07
19.85
19.64
20.49
21.07
19.85
19.64
20.49
20.66
20.71
18.37
20.49
21.07
20.31
20.05
20.49
20.66
20.29
19.71
20.37
20.66
20.29
18.82
20.90
21.05
19.86
19.23
20.48
20.25
20.20
19.22
21.34
19.86
20.29
19.64
19.57
9.93
20.71
19.54
10.78
8.46
20.29
19.23
8.22
9.65
20.31
19.23
8.34
6.68
19.85
19.64
7.63
8.05
20.25
9.33
7.07
5.98
19.05
18.76
6.91
13.82
9.99
9.43
8.58
6.01
10.47
8.63
6.71
5.47
8.55
7.65
6.47
5.50
8.28
8.57
6.63
5.83
6.06
7.08
6.32
5.76
6.27
6.13
5.96
5.76
5.84
7.00
5.91
5.66
6.05
5.72
6.06
6.12
5.79
5.21
6.56
6.01
5.43
5.50
7.63
6.00
5.50
5.18
7.71
5.79
5.60
5.18
6.68
6.37
5.60
5.47
8.19
7.49
5.35
7.08
8.43
10.33
6.56
6.29
15.25
10.13
6.51
5.15
20.87
19.79
6.68
6.34
20.07
20.20
6.12
6.29
20.48
21.00
8.99
20.56
20.90
20.20
14.59
20.05
20.49
20.12
19.44
18.77
20.07
21.05
13.65
19.22
20.49
19.40
19.37
19.22
20.48
20.61
20.31
18.84
20.48
20.65
20.25
19.23
20.49
21.48
19.85
19.64
20.90
20.20
20.29
19.23
20.78
21.07
19.85
18.37
20.07
20.25
19.85
18.82
20.93
19.79
19.90
18.37
20.07
19.00
20.71
19.18
19.62
20.61
19.90
19.08
20.48
20.65
14.57
20.08
20.07
20.63
8.16
7.65
20.37
19.40
7.12
6.27
20.48
21.07
7.07
6.73
20.08
20.66
6.71
5.47
19.20
20.12
6.20
6.57
8.84
7.94
5.72
5.26
7.78
6.01
5.79
5.89
6.78
6.86
5.76
5.06
6.86
5.60
5.49
4.99
8.26
6.01
5.91
5.18
6.57
5.26
6.27
5.62
5.89
5.21
5.91
6.06
5.96
5.30
6.22
7.61
5.86
5.83
9.59
9.91
7.71
5.43
8.99
9.99
7.14
7.20
12.41
10.25
7.27
6.86
19.85
19.64
8.85
8.05
20.25
15.27
8.87
9.57
19.85
19.64
19.51
20.20
20.31
18.77
20.08
20.61
20.25
19.18
21.22
20.08
20.71
19.18
20.90
20.61
20.71
19.20
20.42
20.61
20.61
19.64
20.42
20.63
20.31
19.64
20.90
21.87
20.29
19.64
20.48
21.02
19.85
19.64
20.02
21.00
20.70
19.64
21.19
21.33
20.71
19.64
20.90
21.07
20.31
19.64
20.90
18.13
20.61
19.64
20.90
19.76
20.71
19.62
20.90
21.00
19.85
19.18
20.87
20.63
20.71
19.64
20.90
20.61
20.31
19.64
20.78
20.63
20.71
19.64
20.87
20.63
20.31
19.64
20.90
20.51
20.31
19.64
20.87
21.00
20.31
19.64
20.90
20.20
19.86
18.77
20.44
20.20
20.29
19.64
20.44
19.79
20.71
19.64
20.87
12.99
19.85
19.64
8.94
7.70
19.86
18.77
9.21
11.41
19.85
18.77
8.75
6.86
17.12
19.23
7.83
6.12
20.25
8.41
6.42
8.26
10.15
8.43
7.58
5.71
9.99
6.69
6.32
5.11
7.51
6.90
6.06
5.15
6.22
6.69
6.56
5.11
7.12
6.73
6.57
5.50
6.86
5.62
6.71
5.50
6.68
5.62
6.27
4.94
6.22
4.65
6.42
5.40
5.96
4.70
7.27
6.18
6.00
5.13
7.07
5.77
6.05
4.70
8.65
5.11
6.12
4.70
11.29
5.83
6.05
4.99
7.58
6.83
6.15
6.29
9.69
7.65
6.91
5.93
21.34
14.47
6.97
4.82
20.48
20.22
8.65
5.98
20.42
20.63
6.85
5.50
19.91
20.20
8.85
7.61
20.07
20.66
9.91
12.56
20.49
20.20
14.18
17.50
20.48
19.79
20.31
18.72
20.48
20.65
19.79
19.08
20.48
20.20
20.31
19.22
20.48
20.22
20.25
19.62
20.37
20.20
19.86
19.64
20.49
20.22
19.85
19.64
20.49
20.12
19.40
19.64
20.48
21.07
18.48
19.62
20.48
21.07
20.65
19.64
20.49
21.07
20.27
19.64
20.42
21.48
17.72
18.71
20.90
20.63
17.12
19.22
20.07
20.22
13.52
19.73
20.78
20.20
7.43
6.61
20.07
20.15
7.15
6.54
20.49
20.61
6.35
5.42
20.54
20.15
6.32
6.01
9.77
8.46
6.56
8.51
8.19
6.42
5.91
5.37
8.58
8.26
5.79
5.37
10.18
6.01
5.60
5.33
7.78
5.71
5.60
5.54
6.51
6.27
6.83
5.50
5.91
5.64
7.99
5.98
5.91
5.35
7.22
7.87
6.27
5.86
8.40
7.19
6.91
5.47
8.79
7.71
7.75
7.26
20.27
8.84
7.32
7.43
20.70
16.99
9.11
9.33
20.71
19.62
9.11
10.37
20.25
19.18
20.37
19.40
19.85
19.64
20.02
21.07
20.71
18.77
20.07
19.79
20.31
19.18
20.90
12.63
19.85
19.18
20.87
15.42
20.29
19.08
20.90
18.16
19.85
19.62
20.90
20.15
20.29
19.18
20.83
21.48
20.71
19.18
20.87
20.20
20.31
19.18
20.78
20.12
20.25
19.18
20.90
20.20
20.70
19.64
20.90
20.20
20.61
19.20
20.87
20.20
20.70
19.64
20.90
20.22
20.70
19.18
20.90
20.22
20.71
19.64
20.87
20.20
20.70
19.18
20.78
20.20
19.85
19.64
20.87
20.22
20.70
19.20
20.90
20.22
20.71
19.64
20.87
20.20
20.71
19.18
20.90
20.20
19.85
19.54
20.87
20.20
20.71
19.20
20.48
20.20
19.85
19.18
20.83
20.20
19.85
19.64
20.90
20.20
19.86
19.20
20.42
20.12
19.85
19.64
20.02
12.58
19.85
19.18
9.30
7.65
19.85
18.77
8.91
10.22
20.25
19.20
7.48
8.91
20.71
17.86
7.94
8.34
18.94
9.50
8.75
5.76
8.84
7.36
6.68
5.60
9.65
8.77
5.96
5.66
7.22
5.93
6.06
5.20
7.32
6.25
6.47
5.49
6.51
5.84
6.27
5.15
5.76
5.30
6.71
5.91
5.71
5.18
7.80
6.37
5.84
5.26
8.82
5.26
5.96
4.82
7.54
6.71
6.32
5.21
7.90
6.57
6.47
5.18
8.97
20.12
6.76
5.47
15.83
19.64
6.15
5.26
21.29
20.63
7.68
6.08
20.93
20.61
8.07
6.44
20.87
21.07
9.23
7.26
20.90
20.20
14.33
19.23
20.78
19.79
15.49
18.77
19.57
20.20
21.19
19.20
19.66
20.12
19.91
19.18
21.29
20.20
20.31
19.20
20.02
20.20
20.29
19.64
20.08
20.22
21.16
19.20
20.49
20.20
20.65
18.79
20.90
20.20
19.79
19.22
20.90
20.20
20.27
19.64
20.78
20.08
20.71
19.64
20.90
21.07
20.31
18.77
20.87
21.07
20.20
19.18
20.87
21.07
20.31
19.18
20.90
20.61
20.71
19.54
20.49
20.61
20.71
18.77
20.90
20.20
19.86
19.64
20.78
20.20
20.71
19.20
20.02
21.07
16.85
19.22
20.48
20.12
16.80
18.35
20.48
20.20
10.42
16.99
20.90
20.22
6.97
5.47
20.08
20.20
7.27
5.66
20.42
20.20
6.20
5.50
15.51
21.38
7.32
4.65
9.47
7.85
7.03
8.99
8.22
5.91
5.60
4.58
6.78
5.26
6.01
4.77
6.56
5.50
5.91
5.21
6.98
5.55
5.71
5.26
6.63
5.20
7.03
6.08
6.06
5.26
7.00
6.69
6.32
5.71
7.51
6.76
6.71
6.22
8.84
19.59
5.96
5.76
20.65
18.72
8.34
10.15
20.31
19.62
21.34
9.62
19.85
18.33
20.78
20.63
20.25
8.92
20.87
20.20
19.85
18.77
20.90
20.12
20.27
19.20
20.90
20.61
20.71
19.18
20.90
20.20
20.61
19.64
20.90
20.20
20.71
19.18
20.87
20.20
20.71
19.64
20.90
20.20
20.71
19.64
20.90
20.61
20.71
19.20
20.78
20.12
20.71
19.18
20.87
20.20
19.85
19.18
20.90
20.20
20.61
19.64
20.90
20.20
19.86
19.64
20.87
20.61
20.71
19.22
20.90
20.61
20.27
19.23
20.87
20.20
19.85
18.82
20.78
20.22
20.25
17.92
20.87
20.61
20.71
19.64
20.90
20.92
19.85
19.64
20.90
20.61
20.31
19.64
20.90
20.61
20.31
19.62
20.87
20.20
20.29
19.64
20.90
20.22
20.31
19.64
20.02
21.48
20.31
19.64
20.48
20.65
20.31
19.64
19.22
12.84
20.71
19.64
12.78
8.85
20.71
19.64
7.99
11.80
20.20
19.64
6.68
6.83
15.05
10.61
6.01
7.43
9.91
7.97
6.20
6.57
12.29
7.90
6.00
5.66
6.32
9.23
6.12
5.47
5.54
5.42
6.22
5.57
6.35
5.93
6.32
5.57
5.60
5.06
7.03
6.22
5.66
5.47
7.63
5.21
5.79
5.86
7.54
6.37
5.76
5.33
8.99
20.97
6.15
6.18
21.29
21.90
7.15
5.54
21.29
18.93
6.56
6.76
20.48
20.20
8.28
20.56
20.02
20.61
19.85
19.22
20.87
20.63
15.76
19.64
20.87
20.20
19.08
19.23
20.78
20.51
21.16
19.23
20.90
20.20
18.98
17.50
19.62
20.97
21.45
18.37
20.90
20.20
19.86
20.05
19.62
20.22
20.31
19.20
20.08
20.63
20.29
19.20
20.49
20.20
20.31
19.18
20.37
20.20
19.85
19.64
20.90
20.63
20.71
18.77
20.90
20.49
20.71
18.77
20.49
20.20
20.71
19.23
20.90
20.20
19.86
19.18
20.87
19.79
19.44
18.79
20.49
20.61
21.63
19.20
20.90
20.20
17.62
19.18
21.29
19.79
19.90
20.56
20.37
20.51
8.48
5.93
20.48
21.07
6.61
5.98
21.34
20.25
6.15
5.47
21.29
21.48
6.15
5.89
11.19
20.56
6.91
5.06
7.48
5.84
6.15
5.11
7.27
5.55
5.66
5.18
6.71
8.29
5.40
5.06
6.83
6.34
5.86
5.69
5.91
5.91
6.20
6.85
5.76
5.40
6.25
8.48
6.15
5.50
8.84
7.34
6.91
6.01
8.75
9.89
13.57
7.34
20.25
19.64
6.83
7.61
20.31
19.18
9.43
8.34
20.61
19.18
21.29
12.58
20.71
19.64
20.90
20.20
20.27
19.64
20.49
20.22
19.85
19.20
21.29
20.61
19.85
19.64
20.78
20.20
20.25
19.20
20.90
20.20
20.25
19.20
20.90
20.20
19.76
19.18
20.90
20.20
20.25
19.18
20.90
20.20
20.27
19.08
20.90
20.61
20.25
19.20
20.87
20.20
19.85
19.20
20.78
20.20
20.25
19.18
20.90
20.63
20.27
19.18
20.87
20.12
20.27
19.18
20.87
20.20
19.85
19.20
20.90
20.20
20.15
19.18
20.87
20.20
19.85
19.18
20.90
20.20
20.25
19.18
20.90
20.20
20.27
19.64
20.90
20.61
20.31
19.20
20.78
20.61
19.86
18.72
20.90
19.79
20.29
19.23
20.90
21.38
20.61
18.72
20.90
20.63
19.85
18.33
20.02
20.63
20.27
16.58
20.90
19.79
20.27
17.41
20.49
21.02
20.31
20.08
20.37
21.07
19.85
18.77
20.90
18.16
20.71
19.64
21.65
9.57
19.85
19.64
7.90
12.39
20.25
19.20
7.27
8.62
20.71
10.98
6.54
6.73
12.14
19.18
5.91
7.54
7.39
7.97
6.57
6.06
6.15
8.97
5.91
6.06
7.22
8.63
5.60
5.60
6.42
6.63
5.71
6.01
6.56
8.00
5.83
6.01
5.25
6.22
5.79
6.68
4.77
6.18
7.08
6.73
4.99
6.13
6.68
5.60
5.50
6.05
5.84
7.07
5.55
6.13
7.15
8.21
5.96
6.42
10.71
21.43
5.79
7.26
10.71
20.20
5.25
6.98
20.93
20.20
6.40
6.85
20.48
20.15
7.03
8.05
20.87
20.20
7.48
18.77
20.90
19.34
21.05
19.49
20.87
20.22
21.12
19.23
20.49
19.40
17.57
19.18
20.37
20.63
20.71
19.23
20.90
21.43
20.25
19.62
20.49
20.56
19.85
19.18
20.90
19.79
19.85
19.20
20.48
20.20
20.61
19.20
20.48
20.63
20.71
19.64
20.49
20.63
19.44
19.20
20.90
20.20
20.71
19.64
20.48
20.20
20.71
19.64
20.37
20.20
18.52
18.37
19.62
20.61
8.34
17.86
20.49
20.20
7.00
6.44
20.90
20.66
6.51
6.40
21.34
18.52
5.69
5.57
20.42
20.61
6.44
6.37
9.69
20.58
6.42
6.01
6.64
6.69
5.50
5.62
6.42
6.85
5.11
5.69
7.14
6.37
4.99
6.01
5.76
9.36
5.28
6.25
5.79
6.01
6.56
7.97
5.69
5.98
5.64
7.61
5.15
6.54
6.63
7.26
5.86
6.64
12.55
19.57
5.04
8.21
19.83
19.23
8.40
13.06
20.27
19.23
8.50
9.62
20.25
19.18
20.49
19.79
20.31
19.18
20.90
19.79
20.71
19.18
20.78
20.22
19.85
19.64
20.87
20.20
19.85
19.18
20.90
20.51
20.25
8.99
20.90
20.20
20.71
19.64
20.90
20.20
20.63
19.56
20.90
20.20
19.85
19.64
20.90
20.20
19.85
19.62
20.83
20.20
20.71
19.64
20.90
20.20
19.85
19.64
20.78
20.08
20.71
19.18
20.90
20.22
19.85
19.64
20.87
20.61
20.61
19.18
20.90
20.20
20.29
19.64
20.48
20.63
20.31
19.64
20.49
20.20
20.31
19.62
20.90
20.63
20.31
19.64
20.78
20.63
20.71
19.18
20.49
20.20
20.29
19.20
20.90
20.51
20.70
19.64
20.48
21.07
20.71
19.64
20.90
20.63
20.31
18.69
20.07
20.22
20.29
19.64
20.87
21.07
19.85
19.18
20.42
19.79
19.86
19.64
20.48
21.07
19.85
19.64
20.78
17.65
20.71
19.20
20.49
9.72
20.31
19.64
9.01
9.62
20.31
20.05
8.22
9.26
20.29
11.49
6.47
8.21
20.76
12.05
8.12
6.83
13.84
12.09
5.79
9.47
7.51
8.92
7.27
6.27
6.20
9.08
6.56
6.34
7.68
8.99
5.35
6.27
6.32
9.48
5.28
6.15
12.41
6.90
5.04
6.29
5.15
9.54
6.00
6.63
5.01
5.89
5.60
6.57
5.15
5.98
6.06
6.47
5.25
6.34
5.96
6.91
4.79
5.86
5.79
7.80
4.92
6.29
6.06
7.90
4.99
6.57
9.14
14.11
5.30
7.08
21.77
20.20
5.43
5.98
21.34
19.40
5.64
7.05
20.87
20.66
6.71
7.29
20.02
19.40
9.19
9.28
20.02
20.12
19.44
19.23
20.49
20.20
20.27
20.07
20.49
20.20
20.61
19.20
20.49
20.20
20.71
20.05
20.90
20.20
19.91
19.93
20.02
20.63
18.48
20.51
20.02
19.79
18.48
19.64
20.78
19.79
20.27
19.64
21.34
19.40
20.71
19.20
20.93
19.40
20.71
20.05
19.27
19.40
20.31
19.64
18.06
19.79
19.40
19.62
20.87
20.22
19.86
19.64
20.48
19.79
19.85
18.72
20.90
19.79
18.59
19.64
20.90
20.20
16.68
19.62
20.02
20.12
19.49
19.18
19.62
20.20
17.80
19.18
19.34
19.79
18.59
19.64
20.08
20.20
19.44
19.62
20.90
20.20
21.16
19.18
20.90
20.20
20.29
19.64
20.87
19.79
19.85
19.64
20.37
20.20
20.31
19.18
20.90
20.22
20.31
19.18
20.48
19.79
20.31
19.20
20.87
20.20
20.31
19.18
20.90
19.79
20.31
20.02
20.87
20.22
20.71
19.18
20.02
20.20
20.31
19.64
20.87
20.20
20.31
19.64
20.90
19.76
20.31
18.77
20.78
18.93
20.31
20.12
20.90
20.20
19.85
8.87
20.87
20.61
19.76
20.05
20.90
20.20
20.31
20.05
20.90
20.22
20.31
19.64
20.90
20.20
20.31
19.20
20.90
20.20
20.31
19.18
20.78
20.20
19.85
19.18
20.90
20.22
20.31
19.20
20.48
20.20
20.29
19.64
20.90
20.20
20.31
20.05
20.90
20.20
20.31
19.93
20.90
20.20
20.31
19.64
20.87
20.20
20.29
19.20
20.41
20.20
20.29
19.64
20.87
20.61
20.31
20.05
20.78
20.08
19.85
19.57
20.90
20.20
20.25
17.91
20.87
20.20
20.20
17.62
20.48
20.20
20.31
18.33
20.90
19.79
20.31
19.18
20.48
19.79
20.31
19.18
20.49
19.79
20.31
19.64
20.37
19.79
20.31
19.64
20.48
19.79
20.31
19.64
20.90
19.79
20.31
19.64
20.90
19.79
20.31
19.64
20.48
20.20
20.29
19.54
20.90
19.79
20.31
19.18
20.48
19.79
20.29
19.64
20.80
19.79
20.31
19.64
20.48
19.79
20.31
19.64
20.49
19.71
20.29
19.64
20.48
20.20
20.31
19.64
20.49
20.20
19.73
19.20
20.49
20.20
20.31
19.64
20.90
20.20
20.31
19.64
20.90
20.63
20.31
19.64
20.90
19.79
20.31
19.20
19.98
20.20
19.86
19.64
20.49
19.00
20.31
19.23
20.49
18.98
20.27
19.18
20.48
19.85
19.86
19.18
20.48
19.83
19.86
19.54
20.49
19.79
20.29
19.64
20.48
19.79
20.29
19.64
20.41
19.79
20.31
19.64
20.48
19.79
20.29
19.64
20.48
19.71
20.31
19.64
20.49
19.79
20.29
19.64
20.49
19.79
20.20
19.64
20.49
19.79
20.29
19.64
20.48
19.79
20.29
19.64
20.49
19.79
20.31
19.64
20.49
19.79
20.29
19.64
20.36
19.79
20.29
19.62
20.49
19.79
20.29
19.64
20.49
19.79
20.31
19.64
20.48
19.79
20.31
19.64
20.48
19.79
20.31
19.54
20.49
19.79
20.29
19.62
20.48
19.79
20.31
19.64
20.37
19.79
20.29
19.64
20.49
19.79
20.31
19.64
20.48
19.69
20.29
19.64
20.49
19.79
20.31
19.64
20.48
19.79
20.20
19.62
20.49
19.79
20.29
19.64
20.49
19.79
20.29
19.64
20.48
19.79
20.31
19.64
20.48
19.79
19.85
19.64
20.36
19.79
20.31
19.64
20.48
19.79
20.29
19.64
20.48
19.79
20.29
19.64
20.48
19.79
20.29
19.64
20.48
19.79
20.29
19.54
20.49
19.79
20.31
19.64
20.49
19.79
20.29
19.64
20.37
19.79
20.29
19.64
20.49
19.79
20.31
19.64
20.49
19.69
20.31
19.64
20.49
19.79
20.31
19.64
20.49
19.79
20.20
19.64
20.49
20.22
20.29
19.64
20.49
19.79
20.31
19.64
20.48
19.79
20.31
19.64
20.48
20.20
20.31
19.64
20.37
19.79
20.31
19.64
20.49
19.79
20.29
19.64
20.48
19.79
20.27
19.64
20.49
19.79
20.31
19.64
20.48
19.79
19.85
19.56
20.49
19.79
20.31
19.64
20.48
19.79
20.31
19.64
20.41
19.79
20.31
19.64
20.48
19.79
20.31
19.64
20.48
19.71
20.31
19.64
20.48
19.79
19.85
19.64
20.49
19.79
19.73
19.18
20.49
19.79
20.29
19.64
20.90
19.79
20.31
19.20
20.48
19.79
20.71
19.20
20.48
19.79
20.29
20.05
20.78
20.22
20.31
19.62
20.48
19.40
20.31
19.64
20.48
20.2